  ChunkObject.cpp
  DeviceResources.cpp
  DisplayChunk.cpp
C:\Users\glenn\Desktop\Uni work (sad face)\405\WFFC-Edit\WOFFCEdit\DisplayChunk.cpp(14,50): warning C4305: '=': truncation from 'double' to 'float'
C:\Users\glenn\Desktop\Uni work (sad face)\405\WFFC-Edit\WOFFCEdit\DisplayChunk.cpp(15,49): warning C4244: '=': conversion from 'int' to 'float', possible loss of data
C:\Users\glenn\Desktop\Uni work (sad face)\405\WFFC-Edit\WOFFCEdit\DisplayChunk.cpp(73,39): warning C4267: '=': conversion from 'size_t' to 'int', possible loss of data
C:\Users\glenn\Desktop\Uni work (sad face)\405\WFFC-Edit\WOFFCEdit\DisplayChunk.cpp(74,185): warning C4244: 'argument': conversion from 'double' to 'float', possible loss of data
C:\Users\glenn\Desktop\Uni work (sad face)\405\WFFC-Edit\WOFFCEdit\DisplayChunk.cpp(74,81): warning C4244: 'argument': conversion from 'double' to 'float', possible loss of data
C:\Users\glenn\Desktop\Uni work (sad face)\405\WFFC-Edit\WOFFCEdit\DisplayChunk.cpp(94,10): warning C4996: 'fopen': This function or variable may be unsafe. Consider using fopen_s instead. To disable deprecation, use _CRT_SECURE_NO_WARNINGS. See online help for details.
C:\Users\glenn\Desktop\Uni work (sad face)\405\WFFC-Edit\WOFFCEdit\DisplayChunk.cpp(152,10): warning C4996: 'fopen': This function or variable may be unsafe. Consider using fopen_s instead. To disable deprecation, use _CRT_SECURE_NO_WARNINGS. See online help for details.
C:\Users\glenn\Desktop\Uni work (sad face)\405\WFFC-Edit\WOFFCEdit\DisplayChunk.cpp(174,39): warning C4267: '=': conversion from 'size_t' to 'int', possible loss of data
C:\Users\glenn\Desktop\Uni work (sad face)\405\WFFC-Edit\WOFFCEdit\DisplayChunk.cpp(189,30): warning C4101: 'index4': unreferenced local variable
C:\Users\glenn\Desktop\Uni work (sad face)\405\WFFC-Edit\WOFFCEdit\DisplayChunk.cpp(189,14): warning C4101: 'index2': unreferenced local variable
C:\Users\glenn\Desktop\Uni work (sad face)\405\WFFC-Edit\WOFFCEdit\DisplayChunk.cpp(189,22): warning C4101: 'index3': unreferenced local variable
C:\Users\glenn\Desktop\Uni work (sad face)\405\WFFC-Edit\WOFFCEdit\DisplayChunk.cpp(189,6): warning C4101: 'index1': unreferenced local variable
  DisplayObject.cpp
  Game.cpp
C:\Users\glenn\Desktop\Uni work (sad face)\405\WFFC-Edit\WOFFCEdit\Game.cpp(28,20): warning C4305: '=': truncation from 'double' to 'float'
C:\Users\glenn\Desktop\Uni work (sad face)\405\WFFC-Edit\WOFFCEdit\Game.cpp(159,28): warning C4244: '=': conversion from 'double' to 'float', possible loss of data
C:\Users\glenn\Desktop\Uni work (sad face)\405\WFFC-Edit\WOFFCEdit\Game.cpp(160,28): warning C4244: '=': conversion from 'double' to 'float', possible loss of data
C:\Users\glenn\Desktop\Uni work (sad face)\405\WFFC-Edit\WOFFCEdit\Game.cpp(254,45): warning C4267: 'initializing': conversion from 'size_t' to 'int', possible loss of data
C:\Users\glenn\Desktop\Uni work (sad face)\405\WFFC-Edit\WOFFCEdit\Game.cpp(264,57): warning C4244: 'argument': conversion from 'double' to 'float', possible loss of data
C:\Users\glenn\Desktop\Uni work (sad face)\405\WFFC-Edit\WOFFCEdit\Game.cpp(263,57): warning C4244: 'argument': conversion from 'double' to 'float', possible loss of data
C:\Users\glenn\Desktop\Uni work (sad face)\405\WFFC-Edit\WOFFCEdit\Game.cpp(262,97): warning C4244: 'argument': conversion from 'double' to 'float', possible loss of data
C:\Users\glenn\Desktop\Uni work (sad face)\405\WFFC-Edit\WOFFCEdit\Game.cpp(248,10): warning C4101: 'Buffer': unreferenced local variable
C:\Users\glenn\Desktop\Uni work (sad face)\405\WFFC-Edit\WOFFCEdit\Game.cpp(400,37): warning C4267: 'initializing': conversion from 'size_t' to 'int', possible loss of data
C:\Users\glenn\Desktop\Uni work (sad face)\405\WFFC-Edit\WOFFCEdit\Game.cpp(623,82): warning C4244: 'argument': conversion from 'int' to 'float', possible loss of data
C:\Users\glenn\Desktop\Uni work (sad face)\405\WFFC-Edit\WOFFCEdit\Game.cpp(623,57): warning C4244: 'argument': conversion from 'int' to 'float', possible loss of data
C:\Users\glenn\Desktop\Uni work (sad face)\405\WFFC-Edit\WOFFCEdit\Game.cpp(624,81): warning C4244: 'argument': conversion from 'int' to 'float', possible loss of data
C:\Users\glenn\Desktop\Uni work (sad face)\405\WFFC-Edit\WOFFCEdit\Game.cpp(624,56): warning C4244: 'argument': conversion from 'int' to 'float', possible loss of data
C:\Users\glenn\Desktop\Uni work (sad face)\405\WFFC-Edit\WOFFCEdit\Game.cpp(636,46): warning C4244: 'argument': conversion from 'double' to 'float', possible loss of data
C:\Users\glenn\Desktop\Uni work (sad face)\405\WFFC-Edit\WOFFCEdit\Game.cpp(635,46): warning C4244: 'argument': conversion from 'double' to 'float', possible loss of data
C:\Users\glenn\Desktop\Uni work (sad face)\405\WFFC-Edit\WOFFCEdit\Game.cpp(634,98): warning C4244: 'argument': conversion from 'double' to 'float', possible loss of data
C:\Users\glenn\Desktop\Uni work (sad face)\405\WFFC-Edit\WOFFCEdit\Game.cpp(642,111): warning C4244: 'argument': conversion from 'LONG' to 'float', possible loss of data
C:\Users\glenn\Desktop\Uni work (sad face)\405\WFFC-Edit\WOFFCEdit\Game.cpp(642,85): warning C4244: 'argument': conversion from 'LONG' to 'float', possible loss of data
C:\Users\glenn\Desktop\Uni work (sad face)\405\WFFC-Edit\WOFFCEdit\Game.cpp(643,109): warning C4244: 'argument': conversion from 'LONG' to 'float', possible loss of data
C:\Users\glenn\Desktop\Uni work (sad face)\405\WFFC-Edit\WOFFCEdit\Game.cpp(643,83): warning C4244: 'argument': conversion from 'LONG' to 'float', possible loss of data
  Main.cpp
  _WIN32_WINNT not defined. Defaulting to _WIN32_WINNT_MAXVER (see WinSDKVer.h)
  MFCFrame.cpp
  _WIN32_WINNT not defined. Defaulting to _WIN32_WINNT_MAXVER (see WinSDKVer.h)
  MFCRenderFrame.cpp
  _WIN32_WINNT not defined. Defaulting to _WIN32_WINNT_MAXVER (see WinSDKVer.h)
  pch.cpp
  MFCMain.cpp
  _WIN32_WINNT not defined. Defaulting to _WIN32_WINNT_MAXVER (see WinSDKVer.h)
  SceneObject.cpp
  SelectDialogue.cpp
  _WIN32_WINNT not defined. Defaulting to _WIN32_WINNT_MAXVER (see WinSDKVer.h)
C:\Users\glenn\Desktop\Uni work (sad face)\405\WFFC-Edit\WOFFCEdit\SelectDialogue.cpp(41,44): warning C4267: 'initializing': conversion from 'size_t' to 'int', possible loss of data
  ToolMain.cpp
  _WIN32_WINNT not defined. Defaulting to _WIN32_WINNT_MAXVER (see WinSDKVer.h)
C:\Users\glenn\Desktop\Uni work (sad face)\405\WFFC-Edit\WOFFCEdit\ToolMain.cpp(94,46): warning C4244: '=': conversion from 'double' to 'float', possible loss of data
C:\Users\glenn\Desktop\Uni work (sad face)\405\WFFC-Edit\WOFFCEdit\ToolMain.cpp(95,46): warning C4244: '=': conversion from 'double' to 'float', possible loss of data
C:\Users\glenn\Desktop\Uni work (sad face)\405\WFFC-Edit\WOFFCEdit\ToolMain.cpp(96,46): warning C4244: '=': conversion from 'double' to 'float', possible loss of data
C:\Users\glenn\Desktop\Uni work (sad face)\405\WFFC-Edit\WOFFCEdit\ToolMain.cpp(97,46): warning C4244: '=': conversion from 'double' to 'float', possible loss of data
C:\Users\glenn\Desktop\Uni work (sad face)\405\WFFC-Edit\WOFFCEdit\ToolMain.cpp(98,46): warning C4244: '=': conversion from 'double' to 'float', possible loss of data
C:\Users\glenn\Desktop\Uni work (sad face)\405\WFFC-Edit\WOFFCEdit\ToolMain.cpp(99,46): warning C4244: '=': conversion from 'double' to 'float', possible loss of data
C:\Users\glenn\Desktop\Uni work (sad face)\405\WFFC-Edit\WOFFCEdit\ToolMain.cpp(100,46): warning C4244: '=': conversion from 'double' to 'float', possible loss of data
C:\Users\glenn\Desktop\Uni work (sad face)\405\WFFC-Edit\WOFFCEdit\ToolMain.cpp(101,46): warning C4244: '=': conversion from 'double' to 'float', possible loss of data
C:\Users\glenn\Desktop\Uni work (sad face)\405\WFFC-Edit\WOFFCEdit\ToolMain.cpp(102,46): warning C4244: '=': conversion from 'double' to 'float', possible loss of data
C:\Users\glenn\Desktop\Uni work (sad face)\405\WFFC-Edit\WOFFCEdit\ToolMain.cpp(114,48): warning C4244: '=': conversion from 'double' to 'float', possible loss of data
C:\Users\glenn\Desktop\Uni work (sad face)\405\WFFC-Edit\WOFFCEdit\ToolMain.cpp(115,48): warning C4244: '=': conversion from 'double' to 'float', possible loss of data
C:\Users\glenn\Desktop\Uni work (sad face)\405\WFFC-Edit\WOFFCEdit\ToolMain.cpp(116,48): warning C4244: '=': conversion from 'double' to 'float', possible loss of data
C:\Users\glenn\Desktop\Uni work (sad face)\405\WFFC-Edit\WOFFCEdit\ToolMain.cpp(120,48): warning C4244: '=': conversion from 'double' to 'float', possible loss of data
C:\Users\glenn\Desktop\Uni work (sad face)\405\WFFC-Edit\WOFFCEdit\ToolMain.cpp(121,47): warning C4244: '=': conversion from 'double' to 'float', possible loss of data
C:\Users\glenn\Desktop\Uni work (sad face)\405\WFFC-Edit\WOFFCEdit\ToolMain.cpp(122,42): warning C4244: '=': conversion from 'int' to 'float', possible loss of data
C:\Users\glenn\Desktop\Uni work (sad face)\405\WFFC-Edit\WOFFCEdit\ToolMain.cpp(126,50): warning C4244: '=': conversion from 'double' to 'int', possible loss of data
C:\Users\glenn\Desktop\Uni work (sad face)\405\WFFC-Edit\WOFFCEdit\ToolMain.cpp(127,50): warning C4244: '=': conversion from 'double' to 'int', possible loss of data
C:\Users\glenn\Desktop\Uni work (sad face)\405\WFFC-Edit\WOFFCEdit\ToolMain.cpp(137,57): warning C4244: '=': conversion from 'double' to 'float', possible loss of data
C:\Users\glenn\Desktop\Uni work (sad face)\405\WFFC-Edit\WOFFCEdit\ToolMain.cpp(138,57): warning C4244: '=': conversion from 'double' to 'float', possible loss of data
C:\Users\glenn\Desktop\Uni work (sad face)\405\WFFC-Edit\WOFFCEdit\ToolMain.cpp(139,57): warning C4244: '=': conversion from 'double' to 'float', possible loss of data
C:\Users\glenn\Desktop\Uni work (sad face)\405\WFFC-Edit\WOFFCEdit\ToolMain.cpp(140,58): warning C4244: '=': conversion from 'double' to 'float', possible loss of data
C:\Users\glenn\Desktop\Uni work (sad face)\405\WFFC-Edit\WOFFCEdit\ToolMain.cpp(141,58): warning C4244: '=': conversion from 'double' to 'float', possible loss of data
C:\Users\glenn\Desktop\Uni work (sad face)\405\WFFC-Edit\WOFFCEdit\ToolMain.cpp(142,58): warning C4244: '=': conversion from 'double' to 'float', possible loss of data
C:\Users\glenn\Desktop\Uni work (sad face)\405\WFFC-Edit\WOFFCEdit\ToolMain.cpp(143,59): warning C4244: '=': conversion from 'double' to 'float', possible loss of data
C:\Users\glenn\Desktop\Uni work (sad face)\405\WFFC-Edit\WOFFCEdit\ToolMain.cpp(144,56): warning C4244: '=': conversion from 'double' to 'float', possible loss of data
C:\Users\glenn\Desktop\Uni work (sad face)\405\WFFC-Edit\WOFFCEdit\ToolMain.cpp(145,54): warning C4244: '=': conversion from 'double' to 'float', possible loss of data
C:\Users\glenn\Desktop\Uni work (sad face)\405\WFFC-Edit\WOFFCEdit\ToolMain.cpp(146,57): warning C4244: '=': conversion from 'double' to 'float', possible loss of data
C:\Users\glenn\Desktop\Uni work (sad face)\405\WFFC-Edit\WOFFCEdit\ToolMain.cpp(206,38): warning C4267: 'initializing': conversion from 'size_t' to 'int', possible loss of data
  Generating Code...
  sqlite3.c
C:\Users\glenn\Desktop\Uni work (sad face)\405\WFFC-Edit\WOFFCEdit\sqlite3.c(29693,7): warning C4996: 'GetVersionExW': was declared deprecated
  Win32SimpleSample.vcxproj -> C:\Users\glenn\Desktop\Uni work (sad face)\405\WFFC-Edit\WOFFCEdit\x64\Debug\WoFEdit.exe
