c:\users\glenn\desktop\uni work (sad face)\405\wffc-edit\woffcedit\x64\debug\vc143.pdb
c:\users\glenn\desktop\uni work (sad face)\405\wffc-edit\woffcedit\x64\debug\vc143.idb
c:\users\glenn\desktop\uni work (sad face)\405\wffc-edit\woffcedit\x64\debug\toolmain.obj
c:\users\glenn\desktop\uni work (sad face)\405\wffc-edit\woffcedit\x64\debug\selectdialogue.obj
c:\users\glenn\desktop\uni work (sad face)\405\wffc-edit\woffcedit\x64\debug\sceneobject.obj
c:\users\glenn\desktop\uni work (sad face)\405\wffc-edit\woffcedit\x64\debug\mfcmain.obj
c:\users\glenn\desktop\uni work (sad face)\405\wffc-edit\woffcedit\x64\debug\pch.obj
c:\users\glenn\desktop\uni work (sad face)\405\wffc-edit\woffcedit\x64\debug\mfcrenderframe.obj
c:\users\glenn\desktop\uni work (sad face)\405\wffc-edit\woffcedit\x64\debug\mfcframe.obj
c:\users\glenn\desktop\uni work (sad face)\405\wffc-edit\woffcedit\x64\debug\main.obj
c:\users\glenn\desktop\uni work (sad face)\405\wffc-edit\woffcedit\x64\debug\game.obj
c:\users\glenn\desktop\uni work (sad face)\405\wffc-edit\woffcedit\x64\debug\displayobject.obj
c:\users\glenn\desktop\uni work (sad face)\405\wffc-edit\woffcedit\x64\debug\displaychunk.obj
c:\users\glenn\desktop\uni work (sad face)\405\wffc-edit\woffcedit\x64\debug\deviceresources.obj
c:\users\glenn\desktop\uni work (sad face)\405\wffc-edit\woffcedit\x64\debug\chunkobject.obj
c:\users\glenn\desktop\uni work (sad face)\405\wffc-edit\woffcedit\x64\debug\sqlite3.obj
c:\users\glenn\desktop\uni work (sad face)\405\wffc-edit\woffcedit\x64\debug\camera.obj
c:\users\glenn\desktop\uni work (sad face)\405\wffc-edit\woffcedit\x64\debug\win32simplesample.res
c:\users\glenn\desktop\uni work (sad face)\405\wffc-edit\woffcedit\x64\debug\wofedit.pdb
c:\users\glenn\desktop\uni work (sad face)\405\wffc-edit\woffcedit\x64\debug\wofedit.tlog\cl.command.1.tlog
c:\users\glenn\desktop\uni work (sad face)\405\wffc-edit\woffcedit\x64\debug\wofedit.tlog\cl.read.1.tlog
c:\users\glenn\desktop\uni work (sad face)\405\wffc-edit\woffcedit\x64\debug\wofedit.tlog\cl.write.1.tlog
c:\users\glenn\desktop\uni work (sad face)\405\wffc-edit\woffcedit\x64\debug\wofedit.tlog\link-cvtres.read.1.tlog
c:\users\glenn\desktop\uni work (sad face)\405\wffc-edit\woffcedit\x64\debug\wofedit.tlog\link-cvtres.write.1.tlog
c:\users\glenn\desktop\uni work (sad face)\405\wffc-edit\woffcedit\x64\debug\wofedit.tlog\link-mt.read.1.tlog
c:\users\glenn\desktop\uni work (sad face)\405\wffc-edit\woffcedit\x64\debug\wofedit.tlog\link-mt.write.1.tlog
c:\users\glenn\desktop\uni work (sad face)\405\wffc-edit\woffcedit\x64\debug\wofedit.tlog\link-rc.read.1.tlog
c:\users\glenn\desktop\uni work (sad face)\405\wffc-edit\woffcedit\x64\debug\wofedit.tlog\link-rc.write.1.tlog
c:\users\glenn\desktop\uni work (sad face)\405\wffc-edit\woffcedit\x64\debug\wofedit.tlog\link.command.1.tlog
c:\users\glenn\desktop\uni work (sad face)\405\wffc-edit\woffcedit\x64\debug\wofedit.tlog\link.read.1.tlog
c:\users\glenn\desktop\uni work (sad face)\405\wffc-edit\woffcedit\x64\debug\wofedit.tlog\link.write.1.tlog
c:\users\glenn\desktop\uni work (sad face)\405\wffc-edit\woffcedit\x64\debug\wofedit.tlog\rc.command.1.tlog
c:\users\glenn\desktop\uni work (sad face)\405\wffc-edit\woffcedit\x64\debug\wofedit.tlog\rc.read.1.tlog
c:\users\glenn\desktop\uni work (sad face)\405\wffc-edit\woffcedit\x64\debug\wofedit.tlog\rc.write.1.tlog
