C:\Program Files\Microsoft Visual Studio\2022\Community\MSBuild\Microsoft\VC\v170\Microsoft.CppBuild.targets(517,5): warning MSB8028: The intermediate directory (Debug\) contains files shared from another project (Win32SimpleSample.vcxproj).  This can lead to incorrect clean and rebuild behavior.
  Game.cpp
C:\Users\glenn\Desktop\Uni work (sad face)\405\Coursework\WOFFCEdit\Game.cpp(28,20): warning C4305: '=': truncation from 'double' to 'float'
C:\Users\glenn\Desktop\Uni work (sad face)\405\Coursework\WOFFCEdit\Game.cpp(159,28): warning C4244: '=': conversion from 'double' to 'float', possible loss of data
C:\Users\glenn\Desktop\Uni work (sad face)\405\Coursework\WOFFCEdit\Game.cpp(160,28): warning C4244: '=': conversion from 'double' to 'float', possible loss of data
C:\Users\glenn\Desktop\Uni work (sad face)\405\Coursework\WOFFCEdit\Game.cpp(264,57): warning C4244: 'argument': conversion from 'double' to 'float', possible loss of data
C:\Users\glenn\Desktop\Uni work (sad face)\405\Coursework\WOFFCEdit\Game.cpp(263,57): warning C4244: 'argument': conversion from 'double' to 'float', possible loss of data
C:\Users\glenn\Desktop\Uni work (sad face)\405\Coursework\WOFFCEdit\Game.cpp(262,97): warning C4244: 'argument': conversion from 'double' to 'float', possible loss of data
C:\Users\glenn\Desktop\Uni work (sad face)\405\Coursework\WOFFCEdit\Game.cpp(248,10): warning C4101: 'Buffer': unreferenced local variable
C:\Users\glenn\Desktop\Uni work (sad face)\405\Coursework\WOFFCEdit\Game.cpp(623,82): warning C4244: 'argument': conversion from 'int' to 'float', possible loss of data
C:\Users\glenn\Desktop\Uni work (sad face)\405\Coursework\WOFFCEdit\Game.cpp(623,57): warning C4244: 'argument': conversion from 'int' to 'float', possible loss of data
C:\Users\glenn\Desktop\Uni work (sad face)\405\Coursework\WOFFCEdit\Game.cpp(624,81): warning C4244: 'argument': conversion from 'int' to 'float', possible loss of data
C:\Users\glenn\Desktop\Uni work (sad face)\405\Coursework\WOFFCEdit\Game.cpp(624,56): warning C4244: 'argument': conversion from 'int' to 'float', possible loss of data
C:\Users\glenn\Desktop\Uni work (sad face)\405\Coursework\WOFFCEdit\Game.cpp(627,20): warning C4018: '<': signed/unsigned mismatch
C:\Users\glenn\Desktop\Uni work (sad face)\405\Coursework\WOFFCEdit\Game.cpp(636,46): warning C4244: 'argument': conversion from 'double' to 'float', possible loss of data
C:\Users\glenn\Desktop\Uni work (sad face)\405\Coursework\WOFFCEdit\Game.cpp(635,46): warning C4244: 'argument': conversion from 'double' to 'float', possible loss of data
C:\Users\glenn\Desktop\Uni work (sad face)\405\Coursework\WOFFCEdit\Game.cpp(634,98): warning C4244: 'argument': conversion from 'double' to 'float', possible loss of data
C:\Users\glenn\Desktop\Uni work (sad face)\405\Coursework\WOFFCEdit\Game.cpp(642,111): warning C4244: 'argument': conversion from 'LONG' to 'float', possible loss of data
C:\Users\glenn\Desktop\Uni work (sad face)\405\Coursework\WOFFCEdit\Game.cpp(642,85): warning C4244: 'argument': conversion from 'LONG' to 'float', possible loss of data
C:\Users\glenn\Desktop\Uni work (sad face)\405\Coursework\WOFFCEdit\Game.cpp(643,109): warning C4244: 'argument': conversion from 'LONG' to 'float', possible loss of data
C:\Users\glenn\Desktop\Uni work (sad face)\405\Coursework\WOFFCEdit\Game.cpp(643,83): warning C4244: 'argument': conversion from 'LONG' to 'float', possible loss of data
C:\Users\glenn\Desktop\Uni work (sad face)\405\Coursework\WOFFCEdit\Game.cpp(650,21): warning C4018: '<': signed/unsigned mismatch
  Win32SimpleSample.vcxproj -> C:\Users\glenn\Desktop\Uni work (sad face)\405\Coursework\WOFFCEdit\Debug\WoFEdit.exe
